<?xml version="1.0" encoding="UTF-8"?>
<!-- Generated by org.testng.reporters.JUnitReportReporter -->
<testsuite hostname="LAPTOP-E42ICP36" failures="0" tests="1" name="loginTestCase.CorrectUserName" time="17.595" errors="0" timestamp="2024-02-07T13:33:56 IST" skipped="0">
  <testcase classname="loginTestCase.CorrectUserName" name="loginWithCorrectUserName" time="17.595"/>
  <system-out/>
</testsuite> <!-- loginTestCase.CorrectUserName -->
