<?xml version="1.0" encoding="UTF-8"?>
<!-- Generated by org.testng.reporters.JUnitReportReporter -->
<testsuite hostname="LAPTOP-E42ICP36" failures="0" tests="1" name="loginTestCaseDataProviderJXL.LoginTestCase" time="0.000" errors="0" timestamp="2024-02-07T14:20:20 IST" skipped="1">
  <testcase classname="loginTestCaseDataProviderJXL.LoginTestCase" name="loginWithCorrectUserName" time="0.000">
    <skipped/>
  </testcase> <!-- loginWithCorrectUserName -->
  <system-out/>
</testsuite> <!-- loginTestCaseDataProviderJXL.LoginTestCase -->
