<?xml version="1.0" encoding="UTF-8"?>
<!-- Generated by org.testng.reporters.JUnitReportReporter -->
<testsuite hostname="LAPTOP-E42ICP36" failures="0" tests="1" name="loginTestCase.BothCorrect" time="16.432" errors="0" timestamp="2024-02-07T13:33:56 IST" skipped="0">
  <testcase classname="loginTestCase.BothCorrect" name="loginWithBothCorrect" time="16.432"/>
  <system-out/>
</testsuite> <!-- loginTestCase.BothCorrect -->
